  [1m[36m (30.5ms)[0m  [1mCREATE TABLE "schema_migrations" ("version" character varying NOT NULL) [0m
  [1m[35m (1.9ms)[0m  CREATE UNIQUE INDEX  "unique_schema_migrations" ON "schema_migrations"  ("version")
  [1m[36mActiveRecord::SchemaMigration Load (0.3ms)[0m  [1mSELECT "schema_migrations".* FROM "schema_migrations"[0m
Migrating to DeviseCreateUsers (20150724195441)
  [1m[35m (0.3ms)[0m  BEGIN
  [1m[36m (16.2ms)[0m  [1mCREATE TABLE "users" ("id" serial primary key, "email" character varying DEFAULT '' NOT NULL, "encrypted_password" character varying DEFAULT '' NOT NULL, "reset_password_token" character varying, "reset_password_sent_at" timestamp, "remember_created_at" timestamp, "sign_in_count" integer DEFAULT 0 NOT NULL, "current_sign_in_at" timestamp, "last_sign_in_at" timestamp, "current_sign_in_ip" inet, "last_sign_in_ip" inet, "created_at" timestamp NOT NULL, "updated_at" timestamp NOT NULL) [0m
  [1m[35m (5.9ms)[0m  CREATE UNIQUE INDEX  "index_users_on_email" ON "users"  ("email")
  [1m[36m (1.2ms)[0m  [1mCREATE UNIQUE INDEX  "index_users_on_reset_password_token" ON "users"  ("reset_password_token")[0m
  [1m[35mSQL (6.1ms)[0m  INSERT INTO "schema_migrations" ("version") VALUES ($1)  [["version", "20150724195441"]]
  [1m[36m (6.5ms)[0m  [1mCOMMIT[0m
  [1m[35mActiveRecord::SchemaMigration Load (0.1ms)[0m  SELECT "schema_migrations".* FROM "schema_migrations"
  [1m[36m (2.4ms)[0m  [1mSELECT t2.oid::regclass::text AS to_table, a1.attname AS column, a2.attname AS primary_key, c.conname AS name, c.confupdtype AS on_update, c.confdeltype AS on_delete
FROM pg_constraint c
JOIN pg_class t1 ON c.conrelid = t1.oid
JOIN pg_class t2 ON c.confrelid = t2.oid
JOIN pg_attribute a1 ON a1.attnum = c.conkey[1] AND a1.attrelid = t1.oid
JOIN pg_attribute a2 ON a2.attnum = c.confkey[1] AND a2.attrelid = t2.oid
JOIN pg_namespace t3 ON c.connamespace = t3.oid
WHERE c.contype = 'f'
  AND t1.relname = 'users'
  AND t3.nspname = ANY (current_schemas(false))
ORDER BY c.conname
[0m


Started GET "/" for 127.0.0.1 at 2015-07-24 21:55:17 +0200
  [1m[36mActiveRecord::SchemaMigration Load (0.4ms)[0m  [1mSELECT "schema_migrations".* FROM "schema_migrations"[0m
Processing by HighVoltage::PagesController#show as HTML
  Parameters: {"id"=>"home"}
  Rendered pages/home.html.erb within layouts/application (1.7ms)
  Rendered shared/_flashes.html.erb (0.5ms)
  Rendered shared/_navbar.html.erb (530.9ms)
Completed 200 OK in 6750ms (Views: 6749.4ms | ActiveRecord: 0.0ms)


Started GET "/images/logo.png" for 127.0.0.1 at 2015-07-24 21:55:24 +0200

ActionController::RoutingError (No route matches [GET] "/images/logo.png"):
  actionpack (4.2.3) lib/action_dispatch/middleware/debug_exceptions.rb:21:in `call'
  actionpack (4.2.3) lib/action_dispatch/middleware/show_exceptions.rb:30:in `call'
  railties (4.2.3) lib/rails/rack/logger.rb:38:in `call_app'
  railties (4.2.3) lib/rails/rack/logger.rb:20:in `block in call'
  activesupport (4.2.3) lib/active_support/tagged_logging.rb:68:in `block in tagged'
  activesupport (4.2.3) lib/active_support/tagged_logging.rb:26:in `tagged'
  activesupport (4.2.3) lib/active_support/tagged_logging.rb:68:in `tagged'
  railties (4.2.3) lib/rails/rack/logger.rb:20:in `call'
  quiet_assets (1.1.0) lib/quiet_assets.rb:27:in `call_with_quiet_assets'
  actionpack (4.2.3) lib/action_dispatch/middleware/request_id.rb:21:in `call'
  rack (1.6.4) lib/rack/methodoverride.rb:22:in `call'
  rack (1.6.4) lib/rack/runtime.rb:18:in `call'
  activesupport (4.2.3) lib/active_support/cache/strategy/local_cache_middleware.rb:28:in `call'
  rack (1.6.4) lib/rack/lock.rb:17:in `call'
  actionpack (4.2.3) lib/action_dispatch/middleware/static.rb:116:in `call'
  rack (1.6.4) lib/rack/sendfile.rb:113:in `call'
  railties (4.2.3) lib/rails/engine.rb:518:in `call'
  railties (4.2.3) lib/rails/application.rb:165:in `call'
  rack (1.6.4) lib/rack/content_length.rb:15:in `call'
  puma (2.12.2) lib/puma/server.rb:539:in `handle_request'
  puma (2.12.2) lib/puma/server.rb:386:in `process_client'
  puma (2.12.2) lib/puma/server.rb:269:in `block in run'
  puma (2.12.2) lib/puma/thread_pool.rb:106:in `call'
  puma (2.12.2) lib/puma/thread_pool.rb:106:in `block in spawn_thread'


  Rendered /Users/jbmoutout1/.rbenv/versions/2.2.2/lib/ruby/gems/2.2.0/gems/actionpack-4.2.3/lib/action_dispatch/middleware/templates/rescues/_trace.html.erb (1.3ms)
  Rendered /Users/jbmoutout1/.rbenv/versions/2.2.2/lib/ruby/gems/2.2.0/gems/actionpack-4.2.3/lib/action_dispatch/middleware/templates/routes/_route.html.erb (1.2ms)
  Rendered /Users/jbmoutout1/.rbenv/versions/2.2.2/lib/ruby/gems/2.2.0/gems/actionpack-4.2.3/lib/action_dispatch/middleware/templates/routes/_table.html.erb (12.5ms)
  Rendered /Users/jbmoutout1/.rbenv/versions/2.2.2/lib/ruby/gems/2.2.0/gems/actionpack-4.2.3/lib/action_dispatch/middleware/templates/rescues/_request_and_response.html.erb (1.6ms)
  Rendered /Users/jbmoutout1/.rbenv/versions/2.2.2/lib/ruby/gems/2.2.0/gems/actionpack-4.2.3/lib/action_dispatch/middleware/templates/rescues/routing_error.html.erb within rescues/layout (97.5ms)


Started GET "/users/sign_in" for 127.0.0.1 at 2015-07-24 21:56:35 +0200
Processing by Devise::SessionsController#new as HTML
  Rendered devise/shared/_links.erb (1.3ms)
  Rendered devise/sessions/new.html.erb within layouts/application (172.1ms)
  Rendered shared/_flashes.html.erb (0.1ms)
  Rendered shared/_navbar.html.erb (5.7ms)
Completed 200 OK in 285ms (Views: 269.1ms | ActiveRecord: 4.8ms)


Started GET "/images/logo.png" for 127.0.0.1 at 2015-07-24 21:56:36 +0200

ActionController::RoutingError (No route matches [GET] "/images/logo.png"):
  actionpack (4.2.3) lib/action_dispatch/middleware/debug_exceptions.rb:21:in `call'
  actionpack (4.2.3) lib/action_dispatch/middleware/show_exceptions.rb:30:in `call'
  railties (4.2.3) lib/rails/rack/logger.rb:38:in `call_app'
  railties (4.2.3) lib/rails/rack/logger.rb:20:in `block in call'
  activesupport (4.2.3) lib/active_support/tagged_logging.rb:68:in `block in tagged'
  activesupport (4.2.3) lib/active_support/tagged_logging.rb:26:in `tagged'
  activesupport (4.2.3) lib/active_support/tagged_logging.rb:68:in `tagged'
  railties (4.2.3) lib/rails/rack/logger.rb:20:in `call'
  quiet_assets (1.1.0) lib/quiet_assets.rb:27:in `call_with_quiet_assets'
  actionpack (4.2.3) lib/action_dispatch/middleware/request_id.rb:21:in `call'
  rack (1.6.4) lib/rack/methodoverride.rb:22:in `call'
  rack (1.6.4) lib/rack/runtime.rb:18:in `call'
  activesupport (4.2.3) lib/active_support/cache/strategy/local_cache_middleware.rb:28:in `call'
  rack (1.6.4) lib/rack/lock.rb:17:in `call'
  actionpack (4.2.3) lib/action_dispatch/middleware/static.rb:116:in `call'
  rack (1.6.4) lib/rack/sendfile.rb:113:in `call'
  railties (4.2.3) lib/rails/engine.rb:518:in `call'
  railties (4.2.3) lib/rails/application.rb:165:in `call'
  rack (1.6.4) lib/rack/content_length.rb:15:in `call'
  puma (2.12.2) lib/puma/server.rb:539:in `handle_request'
  puma (2.12.2) lib/puma/server.rb:386:in `process_client'
  puma (2.12.2) lib/puma/server.rb:269:in `block in run'
  puma (2.12.2) lib/puma/thread_pool.rb:106:in `call'
  puma (2.12.2) lib/puma/thread_pool.rb:106:in `block in spawn_thread'


  Rendered /Users/jbmoutout1/.rbenv/versions/2.2.2/lib/ruby/gems/2.2.0/gems/actionpack-4.2.3/lib/action_dispatch/middleware/templates/rescues/_trace.html.erb (1.1ms)
  Rendered /Users/jbmoutout1/.rbenv/versions/2.2.2/lib/ruby/gems/2.2.0/gems/actionpack-4.2.3/lib/action_dispatch/middleware/templates/routes/_route.html.erb (1.3ms)
  Rendered /Users/jbmoutout1/.rbenv/versions/2.2.2/lib/ruby/gems/2.2.0/gems/actionpack-4.2.3/lib/action_dispatch/middleware/templates/routes/_table.html.erb (1.3ms)
  Rendered /Users/jbmoutout1/.rbenv/versions/2.2.2/lib/ruby/gems/2.2.0/gems/actionpack-4.2.3/lib/action_dispatch/middleware/templates/rescues/_request_and_response.html.erb (1.3ms)
  Rendered /Users/jbmoutout1/.rbenv/versions/2.2.2/lib/ruby/gems/2.2.0/gems/actionpack-4.2.3/lib/action_dispatch/middleware/templates/rescues/routing_error.html.erb within rescues/layout (76.0ms)


Started GET "/users/sign_up" for 127.0.0.1 at 2015-07-24 21:56:42 +0200
Processing by Devise::RegistrationsController#new as HTML
  Rendered devise/shared/_links.erb (0.5ms)
  Rendered devise/registrations/new.html.erb within layouts/application (80.0ms)
  Rendered shared/_flashes.html.erb (0.1ms)
  Rendered shared/_navbar.html.erb (3.4ms)
Completed 200 OK in 201ms (Views: 199.9ms | ActiveRecord: 0.0ms)


Started GET "/images/logo.png" for 127.0.0.1 at 2015-07-24 21:56:42 +0200

ActionController::RoutingError (No route matches [GET] "/images/logo.png"):
  actionpack (4.2.3) lib/action_dispatch/middleware/debug_exceptions.rb:21:in `call'
  actionpack (4.2.3) lib/action_dispatch/middleware/show_exceptions.rb:30:in `call'
  railties (4.2.3) lib/rails/rack/logger.rb:38:in `call_app'
  railties (4.2.3) lib/rails/rack/logger.rb:20:in `block in call'
  activesupport (4.2.3) lib/active_support/tagged_logging.rb:68:in `block in tagged'
  activesupport (4.2.3) lib/active_support/tagged_logging.rb:26:in `tagged'
  activesupport (4.2.3) lib/active_support/tagged_logging.rb:68:in `tagged'
  railties (4.2.3) lib/rails/rack/logger.rb:20:in `call'
  quiet_assets (1.1.0) lib/quiet_assets.rb:27:in `call_with_quiet_assets'
  actionpack (4.2.3) lib/action_dispatch/middleware/request_id.rb:21:in `call'
  rack (1.6.4) lib/rack/methodoverride.rb:22:in `call'
  rack (1.6.4) lib/rack/runtime.rb:18:in `call'
  activesupport (4.2.3) lib/active_support/cache/strategy/local_cache_middleware.rb:28:in `call'
  rack (1.6.4) lib/rack/lock.rb:17:in `call'
  actionpack (4.2.3) lib/action_dispatch/middleware/static.rb:116:in `call'
  rack (1.6.4) lib/rack/sendfile.rb:113:in `call'
  railties (4.2.3) lib/rails/engine.rb:518:in `call'
  railties (4.2.3) lib/rails/application.rb:165:in `call'
  rack (1.6.4) lib/rack/content_length.rb:15:in `call'
  puma (2.12.2) lib/puma/server.rb:539:in `handle_request'
  puma (2.12.2) lib/puma/server.rb:386:in `process_client'
  puma (2.12.2) lib/puma/server.rb:269:in `block in run'
  puma (2.12.2) lib/puma/thread_pool.rb:106:in `call'
  puma (2.12.2) lib/puma/thread_pool.rb:106:in `block in spawn_thread'


  Rendered /Users/jbmoutout1/.rbenv/versions/2.2.2/lib/ruby/gems/2.2.0/gems/actionpack-4.2.3/lib/action_dispatch/middleware/templates/rescues/_trace.html.erb (1.2ms)
  Rendered /Users/jbmoutout1/.rbenv/versions/2.2.2/lib/ruby/gems/2.2.0/gems/actionpack-4.2.3/lib/action_dispatch/middleware/templates/routes/_route.html.erb (1.3ms)
  Rendered /Users/jbmoutout1/.rbenv/versions/2.2.2/lib/ruby/gems/2.2.0/gems/actionpack-4.2.3/lib/action_dispatch/middleware/templates/routes/_table.html.erb (1.0ms)
  Rendered /Users/jbmoutout1/.rbenv/versions/2.2.2/lib/ruby/gems/2.2.0/gems/actionpack-4.2.3/lib/action_dispatch/middleware/templates/rescues/_request_and_response.html.erb (1.0ms)
  Rendered /Users/jbmoutout1/.rbenv/versions/2.2.2/lib/ruby/gems/2.2.0/gems/actionpack-4.2.3/lib/action_dispatch/middleware/templates/rescues/routing_error.html.erb within rescues/layout (68.0ms)


Started GET "/" for 127.0.0.1 at 2015-07-24 21:56:48 +0200
Processing by HighVoltage::PagesController#show as HTML
  Parameters: {"id"=>"home"}
  Rendered pages/home.html.erb within layouts/application (0.1ms)
  Rendered shared/_flashes.html.erb (0.1ms)
  Rendered shared/_navbar.html.erb (7.6ms)
Completed 200 OK in 131ms (Views: 130.0ms | ActiveRecord: 0.0ms)


Started GET "/images/logo.png" for 127.0.0.1 at 2015-07-24 21:56:48 +0200

ActionController::RoutingError (No route matches [GET] "/images/logo.png"):
  actionpack (4.2.3) lib/action_dispatch/middleware/debug_exceptions.rb:21:in `call'
  actionpack (4.2.3) lib/action_dispatch/middleware/show_exceptions.rb:30:in `call'
  railties (4.2.3) lib/rails/rack/logger.rb:38:in `call_app'
  railties (4.2.3) lib/rails/rack/logger.rb:20:in `block in call'
  activesupport (4.2.3) lib/active_support/tagged_logging.rb:68:in `block in tagged'
  activesupport (4.2.3) lib/active_support/tagged_logging.rb:26:in `tagged'
  activesupport (4.2.3) lib/active_support/tagged_logging.rb:68:in `tagged'
  railties (4.2.3) lib/rails/rack/logger.rb:20:in `call'
  quiet_assets (1.1.0) lib/quiet_assets.rb:27:in `call_with_quiet_assets'
  actionpack (4.2.3) lib/action_dispatch/middleware/request_id.rb:21:in `call'
  rack (1.6.4) lib/rack/methodoverride.rb:22:in `call'
  rack (1.6.4) lib/rack/runtime.rb:18:in `call'
  activesupport (4.2.3) lib/active_support/cache/strategy/local_cache_middleware.rb:28:in `call'
  rack (1.6.4) lib/rack/lock.rb:17:in `call'
  actionpack (4.2.3) lib/action_dispatch/middleware/static.rb:116:in `call'
  rack (1.6.4) lib/rack/sendfile.rb:113:in `call'
  railties (4.2.3) lib/rails/engine.rb:518:in `call'
  railties (4.2.3) lib/rails/application.rb:165:in `call'
  rack (1.6.4) lib/rack/content_length.rb:15:in `call'
  puma (2.12.2) lib/puma/server.rb:539:in `handle_request'
  puma (2.12.2) lib/puma/server.rb:386:in `process_client'
  puma (2.12.2) lib/puma/server.rb:269:in `block in run'
  puma (2.12.2) lib/puma/thread_pool.rb:106:in `call'
  puma (2.12.2) lib/puma/thread_pool.rb:106:in `block in spawn_thread'


  Rendered /Users/jbmoutout1/.rbenv/versions/2.2.2/lib/ruby/gems/2.2.0/gems/actionpack-4.2.3/lib/action_dispatch/middleware/templates/rescues/_trace.html.erb (1.6ms)
  Rendered /Users/jbmoutout1/.rbenv/versions/2.2.2/lib/ruby/gems/2.2.0/gems/actionpack-4.2.3/lib/action_dispatch/middleware/templates/routes/_route.html.erb (1.3ms)
  Rendered /Users/jbmoutout1/.rbenv/versions/2.2.2/lib/ruby/gems/2.2.0/gems/actionpack-4.2.3/lib/action_dispatch/middleware/templates/routes/_table.html.erb (1.3ms)
  Rendered /Users/jbmoutout1/.rbenv/versions/2.2.2/lib/ruby/gems/2.2.0/gems/actionpack-4.2.3/lib/action_dispatch/middleware/templates/rescues/_request_and_response.html.erb (1.0ms)
  Rendered /Users/jbmoutout1/.rbenv/versions/2.2.2/lib/ruby/gems/2.2.0/gems/actionpack-4.2.3/lib/action_dispatch/middleware/templates/rescues/routing_error.html.erb within rescues/layout (67.5ms)


Started GET "/users/sign_in" for 127.0.0.1 at 2015-07-24 21:56:51 +0200
Processing by Devise::SessionsController#new as HTML
  Rendered devise/shared/_links.erb (0.5ms)
  Rendered devise/sessions/new.html.erb within layouts/application (153.0ms)
  Rendered shared/_flashes.html.erb (0.1ms)
  Rendered shared/_navbar.html.erb (2.9ms)
Completed 200 OK in 248ms (Views: 247.3ms | ActiveRecord: 0.0ms)


Started GET "/images/logo.png" for 127.0.0.1 at 2015-07-24 21:56:52 +0200

ActionController::RoutingError (No route matches [GET] "/images/logo.png"):
  actionpack (4.2.3) lib/action_dispatch/middleware/debug_exceptions.rb:21:in `call'
  actionpack (4.2.3) lib/action_dispatch/middleware/show_exceptions.rb:30:in `call'
  railties (4.2.3) lib/rails/rack/logger.rb:38:in `call_app'
  railties (4.2.3) lib/rails/rack/logger.rb:20:in `block in call'
  activesupport (4.2.3) lib/active_support/tagged_logging.rb:68:in `block in tagged'
  activesupport (4.2.3) lib/active_support/tagged_logging.rb:26:in `tagged'
  activesupport (4.2.3) lib/active_support/tagged_logging.rb:68:in `tagged'
  railties (4.2.3) lib/rails/rack/logger.rb:20:in `call'
  quiet_assets (1.1.0) lib/quiet_assets.rb:27:in `call_with_quiet_assets'
  actionpack (4.2.3) lib/action_dispatch/middleware/request_id.rb:21:in `call'
  rack (1.6.4) lib/rack/methodoverride.rb:22:in `call'
  rack (1.6.4) lib/rack/runtime.rb:18:in `call'
  activesupport (4.2.3) lib/active_support/cache/strategy/local_cache_middleware.rb:28:in `call'
  rack (1.6.4) lib/rack/lock.rb:17:in `call'
  actionpack (4.2.3) lib/action_dispatch/middleware/static.rb:116:in `call'
  rack (1.6.4) lib/rack/sendfile.rb:113:in `call'
  railties (4.2.3) lib/rails/engine.rb:518:in `call'
  railties (4.2.3) lib/rails/application.rb:165:in `call'
  rack (1.6.4) lib/rack/content_length.rb:15:in `call'
  puma (2.12.2) lib/puma/server.rb:539:in `handle_request'
  puma (2.12.2) lib/puma/server.rb:386:in `process_client'
  puma (2.12.2) lib/puma/server.rb:269:in `block in run'
  puma (2.12.2) lib/puma/thread_pool.rb:106:in `call'
  puma (2.12.2) lib/puma/thread_pool.rb:106:in `block in spawn_thread'


  Rendered /Users/jbmoutout1/.rbenv/versions/2.2.2/lib/ruby/gems/2.2.0/gems/actionpack-4.2.3/lib/action_dispatch/middleware/templates/rescues/_trace.html.erb (3.1ms)
  Rendered /Users/jbmoutout1/.rbenv/versions/2.2.2/lib/ruby/gems/2.2.0/gems/actionpack-4.2.3/lib/action_dispatch/middleware/templates/routes/_route.html.erb (1.1ms)
  Rendered /Users/jbmoutout1/.rbenv/versions/2.2.2/lib/ruby/gems/2.2.0/gems/actionpack-4.2.3/lib/action_dispatch/middleware/templates/routes/_table.html.erb (1.4ms)
  Rendered /Users/jbmoutout1/.rbenv/versions/2.2.2/lib/ruby/gems/2.2.0/gems/actionpack-4.2.3/lib/action_dispatch/middleware/templates/rescues/_request_and_response.html.erb (1.6ms)
  Rendered /Users/jbmoutout1/.rbenv/versions/2.2.2/lib/ruby/gems/2.2.0/gems/actionpack-4.2.3/lib/action_dispatch/middleware/templates/rescues/routing_error.html.erb within rescues/layout (72.9ms)


Started GET "/users/sign_up" for 127.0.0.1 at 2015-07-24 21:57:00 +0200
Processing by Devise::RegistrationsController#new as HTML
  Rendered devise/shared/_links.erb (0.4ms)
  Rendered devise/registrations/new.html.erb within layouts/application (58.4ms)
  Rendered shared/_flashes.html.erb (0.1ms)
  Rendered shared/_navbar.html.erb (2.5ms)
Completed 200 OK in 152ms (Views: 150.5ms | ActiveRecord: 0.0ms)


Started GET "/images/logo.png" for 127.0.0.1 at 2015-07-24 21:57:01 +0200

ActionController::RoutingError (No route matches [GET] "/images/logo.png"):
  actionpack (4.2.3) lib/action_dispatch/middleware/debug_exceptions.rb:21:in `call'
  actionpack (4.2.3) lib/action_dispatch/middleware/show_exceptions.rb:30:in `call'
  railties (4.2.3) lib/rails/rack/logger.rb:38:in `call_app'
  railties (4.2.3) lib/rails/rack/logger.rb:20:in `block in call'
  activesupport (4.2.3) lib/active_support/tagged_logging.rb:68:in `block in tagged'
  activesupport (4.2.3) lib/active_support/tagged_logging.rb:26:in `tagged'
  activesupport (4.2.3) lib/active_support/tagged_logging.rb:68:in `tagged'
  railties (4.2.3) lib/rails/rack/logger.rb:20:in `call'
  quiet_assets (1.1.0) lib/quiet_assets.rb:27:in `call_with_quiet_assets'
  actionpack (4.2.3) lib/action_dispatch/middleware/request_id.rb:21:in `call'
  rack (1.6.4) lib/rack/methodoverride.rb:22:in `call'
  rack (1.6.4) lib/rack/runtime.rb:18:in `call'
  activesupport (4.2.3) lib/active_support/cache/strategy/local_cache_middleware.rb:28:in `call'
  rack (1.6.4) lib/rack/lock.rb:17:in `call'
  actionpack (4.2.3) lib/action_dispatch/middleware/static.rb:116:in `call'
  rack (1.6.4) lib/rack/sendfile.rb:113:in `call'
  railties (4.2.3) lib/rails/engine.rb:518:in `call'
  railties (4.2.3) lib/rails/application.rb:165:in `call'
  rack (1.6.4) lib/rack/content_length.rb:15:in `call'
  puma (2.12.2) lib/puma/server.rb:539:in `handle_request'
  puma (2.12.2) lib/puma/server.rb:386:in `process_client'
  puma (2.12.2) lib/puma/server.rb:269:in `block in run'
  puma (2.12.2) lib/puma/thread_pool.rb:106:in `call'
  puma (2.12.2) lib/puma/thread_pool.rb:106:in `block in spawn_thread'


  Rendered /Users/jbmoutout1/.rbenv/versions/2.2.2/lib/ruby/gems/2.2.0/gems/actionpack-4.2.3/lib/action_dispatch/middleware/templates/rescues/_trace.html.erb (3.4ms)
  Rendered /Users/jbmoutout1/.rbenv/versions/2.2.2/lib/ruby/gems/2.2.0/gems/actionpack-4.2.3/lib/action_dispatch/middleware/templates/routes/_route.html.erb (1.1ms)
  Rendered /Users/jbmoutout1/.rbenv/versions/2.2.2/lib/ruby/gems/2.2.0/gems/actionpack-4.2.3/lib/action_dispatch/middleware/templates/routes/_table.html.erb (1.3ms)
  Rendered /Users/jbmoutout1/.rbenv/versions/2.2.2/lib/ruby/gems/2.2.0/gems/actionpack-4.2.3/lib/action_dispatch/middleware/templates/rescues/_request_and_response.html.erb (1.4ms)
  Rendered /Users/jbmoutout1/.rbenv/versions/2.2.2/lib/ruby/gems/2.2.0/gems/actionpack-4.2.3/lib/action_dispatch/middleware/templates/rescues/routing_error.html.erb within rescues/layout (78.6ms)
  [1m[36mActiveRecord::SchemaMigration Load (0.4ms)[0m  [1mSELECT "schema_migrations".* FROM "schema_migrations"[0m
  [1m[35mActiveRecord::SchemaMigration Load (0.1ms)[0m  SELECT "schema_migrations".* FROM "schema_migrations"
  [1m[36m (2.1ms)[0m  [1mSELECT t2.oid::regclass::text AS to_table, a1.attname AS column, a2.attname AS primary_key, c.conname AS name, c.confupdtype AS on_update, c.confdeltype AS on_delete
FROM pg_constraint c
JOIN pg_class t1 ON c.conrelid = t1.oid
JOIN pg_class t2 ON c.confrelid = t2.oid
JOIN pg_attribute a1 ON a1.attnum = c.conkey[1] AND a1.attrelid = t1.oid
JOIN pg_attribute a2 ON a2.attnum = c.confkey[1] AND a2.attrelid = t2.oid
JOIN pg_namespace t3 ON c.connamespace = t3.oid
WHERE c.contype = 'f'
  AND t1.relname = 'users'
  AND t3.nspname = ANY (current_schemas(false))
ORDER BY c.conname
[0m


Started GET "/users/sign_up" for 127.0.0.1 at 2015-07-25 20:03:20 +0200
Processing by Devise::RegistrationsController#new as HTML
  Rendered devise/shared/_links.erb (2.7ms)
  Rendered devise/registrations/new.html.erb within layouts/application (402.2ms)
  Rendered shared/_flashes.html.erb (0.2ms)
  Rendered shared/_navbar.html.erb (10.7ms)
Completed 200 OK in 816ms (Views: 685.6ms | ActiveRecord: 76.5ms)


Started GET "/images/logo.png" for 127.0.0.1 at 2015-07-25 20:03:22 +0200

ActionController::RoutingError (No route matches [GET] "/images/logo.png"):
  actionpack (4.2.3) lib/action_dispatch/middleware/debug_exceptions.rb:21:in `call'
  actionpack (4.2.3) lib/action_dispatch/middleware/show_exceptions.rb:30:in `call'
  railties (4.2.3) lib/rails/rack/logger.rb:38:in `call_app'
  railties (4.2.3) lib/rails/rack/logger.rb:20:in `block in call'
  activesupport (4.2.3) lib/active_support/tagged_logging.rb:68:in `block in tagged'
  activesupport (4.2.3) lib/active_support/tagged_logging.rb:26:in `tagged'
  activesupport (4.2.3) lib/active_support/tagged_logging.rb:68:in `tagged'
  railties (4.2.3) lib/rails/rack/logger.rb:20:in `call'
  quiet_assets (1.1.0) lib/quiet_assets.rb:27:in `call_with_quiet_assets'
  actionpack (4.2.3) lib/action_dispatch/middleware/request_id.rb:21:in `call'
  rack (1.6.4) lib/rack/methodoverride.rb:22:in `call'
  rack (1.6.4) lib/rack/runtime.rb:18:in `call'
  activesupport (4.2.3) lib/active_support/cache/strategy/local_cache_middleware.rb:28:in `call'
  rack (1.6.4) lib/rack/lock.rb:17:in `call'
  actionpack (4.2.3) lib/action_dispatch/middleware/static.rb:116:in `call'
  rack (1.6.4) lib/rack/sendfile.rb:113:in `call'
  railties (4.2.3) lib/rails/engine.rb:518:in `call'
  railties (4.2.3) lib/rails/application.rb:165:in `call'
  rack (1.6.4) lib/rack/content_length.rb:15:in `call'
  puma (2.12.2) lib/puma/server.rb:539:in `handle_request'
  puma (2.12.2) lib/puma/server.rb:386:in `process_client'
  puma (2.12.2) lib/puma/server.rb:269:in `block in run'
  puma (2.12.2) lib/puma/thread_pool.rb:106:in `call'
  puma (2.12.2) lib/puma/thread_pool.rb:106:in `block in spawn_thread'


  Rendered /Users/jbmoutout1/.rbenv/versions/2.2.2/lib/ruby/gems/2.2.0/gems/actionpack-4.2.3/lib/action_dispatch/middleware/templates/rescues/_trace.html.erb (5.9ms)
  Rendered /Users/jbmoutout1/.rbenv/versions/2.2.2/lib/ruby/gems/2.2.0/gems/actionpack-4.2.3/lib/action_dispatch/middleware/templates/routes/_route.html.erb (2.4ms)
  Rendered /Users/jbmoutout1/.rbenv/versions/2.2.2/lib/ruby/gems/2.2.0/gems/actionpack-4.2.3/lib/action_dispatch/middleware/templates/routes/_table.html.erb (1.8ms)
  Rendered /Users/jbmoutout1/.rbenv/versions/2.2.2/lib/ruby/gems/2.2.0/gems/actionpack-4.2.3/lib/action_dispatch/middleware/templates/rescues/_request_and_response.html.erb (1.7ms)
  Rendered /Users/jbmoutout1/.rbenv/versions/2.2.2/lib/ruby/gems/2.2.0/gems/actionpack-4.2.3/lib/action_dispatch/middleware/templates/rescues/routing_error.html.erb within rescues/layout (117.8ms)


Started GET "/" for 127.0.0.1 at 2015-07-25 20:03:25 +0200
Processing by HighVoltage::PagesController#show as HTML
  Parameters: {"id"=>"home"}
  Rendered pages/home.html.erb within layouts/application (0.5ms)
  Rendered shared/_flashes.html.erb (0.4ms)
  Rendered shared/_navbar.html.erb (9.5ms)
Completed 200 OK in 179ms (Views: 177.7ms | ActiveRecord: 0.0ms)


Started GET "/images/logo.png" for 127.0.0.1 at 2015-07-25 20:03:25 +0200

ActionController::RoutingError (No route matches [GET] "/images/logo.png"):
  actionpack (4.2.3) lib/action_dispatch/middleware/debug_exceptions.rb:21:in `call'
  actionpack (4.2.3) lib/action_dispatch/middleware/show_exceptions.rb:30:in `call'
  railties (4.2.3) lib/rails/rack/logger.rb:38:in `call_app'
  railties (4.2.3) lib/rails/rack/logger.rb:20:in `block in call'
  activesupport (4.2.3) lib/active_support/tagged_logging.rb:68:in `block in tagged'
  activesupport (4.2.3) lib/active_support/tagged_logging.rb:26:in `tagged'
  activesupport (4.2.3) lib/active_support/tagged_logging.rb:68:in `tagged'
  railties (4.2.3) lib/rails/rack/logger.rb:20:in `call'
  quiet_assets (1.1.0) lib/quiet_assets.rb:27:in `call_with_quiet_assets'
  actionpack (4.2.3) lib/action_dispatch/middleware/request_id.rb:21:in `call'
  rack (1.6.4) lib/rack/methodoverride.rb:22:in `call'
  rack (1.6.4) lib/rack/runtime.rb:18:in `call'
  activesupport (4.2.3) lib/active_support/cache/strategy/local_cache_middleware.rb:28:in `call'
  rack (1.6.4) lib/rack/lock.rb:17:in `call'
  actionpack (4.2.3) lib/action_dispatch/middleware/static.rb:116:in `call'
  rack (1.6.4) lib/rack/sendfile.rb:113:in `call'
  railties (4.2.3) lib/rails/engine.rb:518:in `call'
  railties (4.2.3) lib/rails/application.rb:165:in `call'
  rack (1.6.4) lib/rack/content_length.rb:15:in `call'
  puma (2.12.2) lib/puma/server.rb:539:in `handle_request'
  puma (2.12.2) lib/puma/server.rb:386:in `process_client'
  puma (2.12.2) lib/puma/server.rb:269:in `block in run'
  puma (2.12.2) lib/puma/thread_pool.rb:106:in `call'
  puma (2.12.2) lib/puma/thread_pool.rb:106:in `block in spawn_thread'


  Rendered /Users/jbmoutout1/.rbenv/versions/2.2.2/lib/ruby/gems/2.2.0/gems/actionpack-4.2.3/lib/action_dispatch/middleware/templates/rescues/_trace.html.erb (1.5ms)
  Rendered /Users/jbmoutout1/.rbenv/versions/2.2.2/lib/ruby/gems/2.2.0/gems/actionpack-4.2.3/lib/action_dispatch/middleware/templates/routes/_route.html.erb (6.1ms)
  Rendered /Users/jbmoutout1/.rbenv/versions/2.2.2/lib/ruby/gems/2.2.0/gems/actionpack-4.2.3/lib/action_dispatch/middleware/templates/routes/_table.html.erb (3.2ms)
  Rendered /Users/jbmoutout1/.rbenv/versions/2.2.2/lib/ruby/gems/2.2.0/gems/actionpack-4.2.3/lib/action_dispatch/middleware/templates/rescues/_request_and_response.html.erb (1.6ms)
  Rendered /Users/jbmoutout1/.rbenv/versions/2.2.2/lib/ruby/gems/2.2.0/gems/actionpack-4.2.3/lib/action_dispatch/middleware/templates/rescues/routing_error.html.erb within rescues/layout (105.4ms)


Started GET "/" for 127.0.0.1 at 2015-07-25 20:03:27 +0200
Processing by HighVoltage::PagesController#show as HTML
  Parameters: {"id"=>"home"}
  Rendered pages/home.html.erb within layouts/application (0.2ms)
  Rendered shared/_flashes.html.erb (0.2ms)
  Rendered shared/_navbar.html.erb (12.1ms)
Completed 200 OK in 221ms (Views: 220.4ms | ActiveRecord: 0.0ms)


Started GET "/images/logo.png" for 127.0.0.1 at 2015-07-25 20:03:27 +0200

ActionController::RoutingError (No route matches [GET] "/images/logo.png"):
  actionpack (4.2.3) lib/action_dispatch/middleware/debug_exceptions.rb:21:in `call'
  actionpack (4.2.3) lib/action_dispatch/middleware/show_exceptions.rb:30:in `call'
  railties (4.2.3) lib/rails/rack/logger.rb:38:in `call_app'
  railties (4.2.3) lib/rails/rack/logger.rb:20:in `block in call'
  activesupport (4.2.3) lib/active_support/tagged_logging.rb:68:in `block in tagged'
  activesupport (4.2.3) lib/active_support/tagged_logging.rb:26:in `tagged'
  activesupport (4.2.3) lib/active_support/tagged_logging.rb:68:in `tagged'
  railties (4.2.3) lib/rails/rack/logger.rb:20:in `call'
  quiet_assets (1.1.0) lib/quiet_assets.rb:27:in `call_with_quiet_assets'
  actionpack (4.2.3) lib/action_dispatch/middleware/request_id.rb:21:in `call'
  rack (1.6.4) lib/rack/methodoverride.rb:22:in `call'
  rack (1.6.4) lib/rack/runtime.rb:18:in `call'
  activesupport (4.2.3) lib/active_support/cache/strategy/local_cache_middleware.rb:28:in `call'
  rack (1.6.4) lib/rack/lock.rb:17:in `call'
  actionpack (4.2.3) lib/action_dispatch/middleware/static.rb:116:in `call'
  rack (1.6.4) lib/rack/sendfile.rb:113:in `call'
  railties (4.2.3) lib/rails/engine.rb:518:in `call'
  railties (4.2.3) lib/rails/application.rb:165:in `call'
  rack (1.6.4) lib/rack/content_length.rb:15:in `call'
  puma (2.12.2) lib/puma/server.rb:539:in `handle_request'
  puma (2.12.2) lib/puma/server.rb:386:in `process_client'
  puma (2.12.2) lib/puma/server.rb:269:in `block in run'
  puma (2.12.2) lib/puma/thread_pool.rb:106:in `call'
  puma (2.12.2) lib/puma/thread_pool.rb:106:in `block in spawn_thread'


  Rendered /Users/jbmoutout1/.rbenv/versions/2.2.2/lib/ruby/gems/2.2.0/gems/actionpack-4.2.3/lib/action_dispatch/middleware/templates/rescues/_trace.html.erb (3.4ms)
  Rendered /Users/jbmoutout1/.rbenv/versions/2.2.2/lib/ruby/gems/2.2.0/gems/actionpack-4.2.3/lib/action_dispatch/middleware/templates/routes/_route.html.erb (4.4ms)
  Rendered /Users/jbmoutout1/.rbenv/versions/2.2.2/lib/ruby/gems/2.2.0/gems/actionpack-4.2.3/lib/action_dispatch/middleware/templates/routes/_table.html.erb (4.0ms)
  Rendered /Users/jbmoutout1/.rbenv/versions/2.2.2/lib/ruby/gems/2.2.0/gems/actionpack-4.2.3/lib/action_dispatch/middleware/templates/rescues/_request_and_response.html.erb (3.6ms)
  Rendered /Users/jbmoutout1/.rbenv/versions/2.2.2/lib/ruby/gems/2.2.0/gems/actionpack-4.2.3/lib/action_dispatch/middleware/templates/rescues/routing_error.html.erb within rescues/layout (102.9ms)


Started GET "/" for 127.0.0.1 at 2015-07-25 20:03:35 +0200
Processing by HighVoltage::PagesController#show as HTML
  Parameters: {"id"=>"home"}
  Rendered pages/home.html.erb within layouts/application (0.8ms)
  Rendered shared/_flashes.html.erb (0.1ms)
  Rendered shared/_navbar.html.erb (16.2ms)
Completed 200 OK in 164ms (Views: 163.5ms | ActiveRecord: 0.0ms)


Started GET "/images/logo.png" for 127.0.0.1 at 2015-07-25 20:03:35 +0200

ActionController::RoutingError (No route matches [GET] "/images/logo.png"):
  actionpack (4.2.3) lib/action_dispatch/middleware/debug_exceptions.rb:21:in `call'
  actionpack (4.2.3) lib/action_dispatch/middleware/show_exceptions.rb:30:in `call'
  railties (4.2.3) lib/rails/rack/logger.rb:38:in `call_app'
  railties (4.2.3) lib/rails/rack/logger.rb:20:in `block in call'
  activesupport (4.2.3) lib/active_support/tagged_logging.rb:68:in `block in tagged'
  activesupport (4.2.3) lib/active_support/tagged_logging.rb:26:in `tagged'
  activesupport (4.2.3) lib/active_support/tagged_logging.rb:68:in `tagged'
  railties (4.2.3) lib/rails/rack/logger.rb:20:in `call'
  quiet_assets (1.1.0) lib/quiet_assets.rb:27:in `call_with_quiet_assets'
  actionpack (4.2.3) lib/action_dispatch/middleware/request_id.rb:21:in `call'
  rack (1.6.4) lib/rack/methodoverride.rb:22:in `call'
  rack (1.6.4) lib/rack/runtime.rb:18:in `call'
  activesupport (4.2.3) lib/active_support/cache/strategy/local_cache_middleware.rb:28:in `call'
  rack (1.6.4) lib/rack/lock.rb:17:in `call'
  actionpack (4.2.3) lib/action_dispatch/middleware/static.rb:116:in `call'
  rack (1.6.4) lib/rack/sendfile.rb:113:in `call'
  railties (4.2.3) lib/rails/engine.rb:518:in `call'
  railties (4.2.3) lib/rails/application.rb:165:in `call'
  rack (1.6.4) lib/rack/content_length.rb:15:in `call'
  puma (2.12.2) lib/puma/server.rb:539:in `handle_request'
  puma (2.12.2) lib/puma/server.rb:386:in `process_client'
  puma (2.12.2) lib/puma/server.rb:269:in `block in run'
  puma (2.12.2) lib/puma/thread_pool.rb:106:in `call'
  puma (2.12.2) lib/puma/thread_pool.rb:106:in `block in spawn_thread'


  Rendered /Users/jbmoutout1/.rbenv/versions/2.2.2/lib/ruby/gems/2.2.0/gems/actionpack-4.2.3/lib/action_dispatch/middleware/templates/rescues/_trace.html.erb (2.8ms)
  Rendered /Users/jbmoutout1/.rbenv/versions/2.2.2/lib/ruby/gems/2.2.0/gems/actionpack-4.2.3/lib/action_dispatch/middleware/templates/routes/_route.html.erb (2.3ms)
  Rendered /Users/jbmoutout1/.rbenv/versions/2.2.2/lib/ruby/gems/2.2.0/gems/actionpack-4.2.3/lib/action_dispatch/middleware/templates/routes/_table.html.erb (1.4ms)
  Rendered /Users/jbmoutout1/.rbenv/versions/2.2.2/lib/ruby/gems/2.2.0/gems/actionpack-4.2.3/lib/action_dispatch/middleware/templates/rescues/_request_and_response.html.erb (1.0ms)
  Rendered /Users/jbmoutout1/.rbenv/versions/2.2.2/lib/ruby/gems/2.2.0/gems/actionpack-4.2.3/lib/action_dispatch/middleware/templates/rescues/routing_error.html.erb within rescues/layout (70.1ms)


Started GET "/users/sign_up" for 127.0.0.1 at 2015-07-25 20:04:01 +0200
Processing by Devise::RegistrationsController#new as HTML
  Rendered devise/shared/_links.erb (0.5ms)
  Rendered devise/registrations/new.html.erb within layouts/application (80.9ms)
  Rendered shared/_flashes.html.erb (0.1ms)
  Rendered shared/_navbar.html.erb (2.6ms)
Completed 200 OK in 184ms (Views: 183.4ms | ActiveRecord: 0.0ms)


Started GET "/images/logo.png" for 127.0.0.1 at 2015-07-25 20:04:01 +0200

ActionController::RoutingError (No route matches [GET] "/images/logo.png"):
  actionpack (4.2.3) lib/action_dispatch/middleware/debug_exceptions.rb:21:in `call'
  actionpack (4.2.3) lib/action_dispatch/middleware/show_exceptions.rb:30:in `call'
  railties (4.2.3) lib/rails/rack/logger.rb:38:in `call_app'
  railties (4.2.3) lib/rails/rack/logger.rb:20:in `block in call'
  activesupport (4.2.3) lib/active_support/tagged_logging.rb:68:in `block in tagged'
  activesupport (4.2.3) lib/active_support/tagged_logging.rb:26:in `tagged'
  activesupport (4.2.3) lib/active_support/tagged_logging.rb:68:in `tagged'
  railties (4.2.3) lib/rails/rack/logger.rb:20:in `call'
  quiet_assets (1.1.0) lib/quiet_assets.rb:27:in `call_with_quiet_assets'
  actionpack (4.2.3) lib/action_dispatch/middleware/request_id.rb:21:in `call'
  rack (1.6.4) lib/rack/methodoverride.rb:22:in `call'
  rack (1.6.4) lib/rack/runtime.rb:18:in `call'
  activesupport (4.2.3) lib/active_support/cache/strategy/local_cache_middleware.rb:28:in `call'
  rack (1.6.4) lib/rack/lock.rb:17:in `call'
  actionpack (4.2.3) lib/action_dispatch/middleware/static.rb:116:in `call'
  rack (1.6.4) lib/rack/sendfile.rb:113:in `call'
  railties (4.2.3) lib/rails/engine.rb:518:in `call'
  railties (4.2.3) lib/rails/application.rb:165:in `call'
  rack (1.6.4) lib/rack/content_length.rb:15:in `call'
  puma (2.12.2) lib/puma/server.rb:539:in `handle_request'
  puma (2.12.2) lib/puma/server.rb:386:in `process_client'
  puma (2.12.2) lib/puma/server.rb:269:in `block in run'
  puma (2.12.2) lib/puma/thread_pool.rb:106:in `call'
  puma (2.12.2) lib/puma/thread_pool.rb:106:in `block in spawn_thread'


  Rendered /Users/jbmoutout1/.rbenv/versions/2.2.2/lib/ruby/gems/2.2.0/gems/actionpack-4.2.3/lib/action_dispatch/middleware/templates/rescues/_trace.html.erb (2.5ms)
  Rendered /Users/jbmoutout1/.rbenv/versions/2.2.2/lib/ruby/gems/2.2.0/gems/actionpack-4.2.3/lib/action_dispatch/middleware/templates/routes/_route.html.erb (2.6ms)
  Rendered /Users/jbmoutout1/.rbenv/versions/2.2.2/lib/ruby/gems/2.2.0/gems/actionpack-4.2.3/lib/action_dispatch/middleware/templates/routes/_table.html.erb (4.7ms)
  Rendered /Users/jbmoutout1/.rbenv/versions/2.2.2/lib/ruby/gems/2.2.0/gems/actionpack-4.2.3/lib/action_dispatch/middleware/templates/rescues/_request_and_response.html.erb (2.1ms)
  Rendered /Users/jbmoutout1/.rbenv/versions/2.2.2/lib/ruby/gems/2.2.0/gems/actionpack-4.2.3/lib/action_dispatch/middleware/templates/rescues/routing_error.html.erb within rescues/layout (140.4ms)


Started GET "/users/sign_in" for 127.0.0.1 at 2015-07-25 20:04:04 +0200
Processing by Devise::SessionsController#new as HTML
  Rendered devise/shared/_links.erb (1.8ms)
  Rendered devise/sessions/new.html.erb within layouts/application (183.3ms)
  Rendered shared/_flashes.html.erb (0.1ms)
  Rendered shared/_navbar.html.erb (9.0ms)
Completed 200 OK in 350ms (Views: 348.2ms | ActiveRecord: 0.0ms)


Started GET "/images/logo.png" for 127.0.0.1 at 2015-07-25 20:04:04 +0200

ActionController::RoutingError (No route matches [GET] "/images/logo.png"):
  actionpack (4.2.3) lib/action_dispatch/middleware/debug_exceptions.rb:21:in `call'
  actionpack (4.2.3) lib/action_dispatch/middleware/show_exceptions.rb:30:in `call'
  railties (4.2.3) lib/rails/rack/logger.rb:38:in `call_app'
  railties (4.2.3) lib/rails/rack/logger.rb:20:in `block in call'
  activesupport (4.2.3) lib/active_support/tagged_logging.rb:68:in `block in tagged'
  activesupport (4.2.3) lib/active_support/tagged_logging.rb:26:in `tagged'
  activesupport (4.2.3) lib/active_support/tagged_logging.rb:68:in `tagged'
  railties (4.2.3) lib/rails/rack/logger.rb:20:in `call'
  quiet_assets (1.1.0) lib/quiet_assets.rb:27:in `call_with_quiet_assets'
  actionpack (4.2.3) lib/action_dispatch/middleware/request_id.rb:21:in `call'
  rack (1.6.4) lib/rack/methodoverride.rb:22:in `call'
  rack (1.6.4) lib/rack/runtime.rb:18:in `call'
  activesupport (4.2.3) lib/active_support/cache/strategy/local_cache_middleware.rb:28:in `call'
  rack (1.6.4) lib/rack/lock.rb:17:in `call'
  actionpack (4.2.3) lib/action_dispatch/middleware/static.rb:116:in `call'
  rack (1.6.4) lib/rack/sendfile.rb:113:in `call'
  railties (4.2.3) lib/rails/engine.rb:518:in `call'
  railties (4.2.3) lib/rails/application.rb:165:in `call'
  rack (1.6.4) lib/rack/content_length.rb:15:in `call'
  puma (2.12.2) lib/puma/server.rb:539:in `handle_request'
  puma (2.12.2) lib/puma/server.rb:386:in `process_client'
  puma (2.12.2) lib/puma/server.rb:269:in `block in run'
  puma (2.12.2) lib/puma/thread_pool.rb:106:in `call'
  puma (2.12.2) lib/puma/thread_pool.rb:106:in `block in spawn_thread'


  Rendered /Users/jbmoutout1/.rbenv/versions/2.2.2/lib/ruby/gems/2.2.0/gems/actionpack-4.2.3/lib/action_dispatch/middleware/templates/rescues/_trace.html.erb (4.8ms)
  Rendered /Users/jbmoutout1/.rbenv/versions/2.2.2/lib/ruby/gems/2.2.0/gems/actionpack-4.2.3/lib/action_dispatch/middleware/templates/routes/_route.html.erb (1.2ms)
  Rendered /Users/jbmoutout1/.rbenv/versions/2.2.2/lib/ruby/gems/2.2.0/gems/actionpack-4.2.3/lib/action_dispatch/middleware/templates/routes/_table.html.erb (1.7ms)
  Rendered /Users/jbmoutout1/.rbenv/versions/2.2.2/lib/ruby/gems/2.2.0/gems/actionpack-4.2.3/lib/action_dispatch/middleware/templates/rescues/_request_and_response.html.erb (2.3ms)
  Rendered /Users/jbmoutout1/.rbenv/versions/2.2.2/lib/ruby/gems/2.2.0/gems/actionpack-4.2.3/lib/action_dispatch/middleware/templates/rescues/routing_error.html.erb within rescues/layout (99.0ms)


Started GET "/users/sign_in" for 127.0.0.1 at 2015-07-25 20:07:27 +0200
Processing by Devise::SessionsController#new as HTML
  Rendered devise/shared/_links.erb (0.8ms)
  Rendered devise/sessions/new.html.erb within layouts/application (115.4ms)
  Rendered shared/_flashes.html.erb (0.2ms)
  Rendered shared/_navbar.html.erb (24.2ms)
Completed 200 OK in 427ms (Views: 419.5ms | ActiveRecord: 0.0ms)


Started GET "/users/sign_in" for 127.0.0.1 at 2015-07-25 20:07:46 +0200
Processing by Devise::SessionsController#new as HTML
  Rendered devise/shared/_links.erb (0.5ms)
  Rendered devise/sessions/new.html.erb within layouts/application (159.8ms)
  Rendered shared/_flashes.html.erb (0.3ms)
  Rendered shared/_navbar.html.erb (4.2ms)
Completed 200 OK in 323ms (Views: 321.6ms | ActiveRecord: 0.0ms)


Started GET "/users/sign_in" for 127.0.0.1 at 2015-07-25 20:08:11 +0200
Processing by Devise::SessionsController#new as HTML
  Rendered devise/shared/_links.erb (1.5ms)
  Rendered devise/sessions/new.html.erb within layouts/application (169.7ms)
  Rendered shared/_flashes.html.erb (0.1ms)
  Rendered shared/_navbar.html.erb (1.6ms)
Completed 200 OK in 292ms (Views: 291.4ms | ActiveRecord: 0.0ms)


Started GET "/users/sign_in" for 127.0.0.1 at 2015-07-25 20:08:38 +0200
Processing by Devise::SessionsController#new as HTML
  Rendered devise/shared/_links.erb (1.0ms)
  Rendered devise/sessions/new.html.erb within layouts/application (154.5ms)
  Rendered shared/_flashes.html.erb (0.2ms)
  Rendered shared/_navbar.html.erb (3.3ms)
Completed 200 OK in 363ms (Views: 361.0ms | ActiveRecord: 0.0ms)


Started GET "/" for 127.0.0.1 at 2015-07-25 20:08:43 +0200
Processing by HighVoltage::PagesController#show as HTML
  Parameters: {"id"=>"home"}
  Rendered pages/home.html.erb within layouts/application (0.1ms)
  Rendered shared/_flashes.html.erb (0.1ms)
  Rendered shared/_navbar.html.erb (4.8ms)
Completed 200 OK in 202ms (Views: 202.0ms | ActiveRecord: 0.0ms)


Started GET "/" for 127.0.0.1 at 2015-07-25 20:09:04 +0200
Processing by HighVoltage::PagesController#show as HTML
  Parameters: {"id"=>"home"}
  Rendered pages/home.html.erb within layouts/application (0.6ms)
  Rendered shared/_flashes.html.erb (0.1ms)
  Rendered shared/_navbar.html.erb (5.6ms)
Completed 200 OK in 134ms (Views: 134.0ms | ActiveRecord: 0.0ms)


Started GET "/" for 127.0.0.1 at 2015-07-25 20:09:27 +0200
Processing by HighVoltage::PagesController#show as HTML
  Parameters: {"id"=>"home"}
  Rendered pages/home.html.erb within layouts/application (0.5ms)
  Rendered shared/_flashes.html.erb (0.2ms)
  Rendered shared/_navbar.html.erb (2.8ms)
Completed 200 OK in 163ms (Views: 162.8ms | ActiveRecord: 0.0ms)


Started GET "/" for 127.0.0.1 at 2015-07-25 20:09:34 +0200
Processing by HighVoltage::PagesController#show as HTML
  Parameters: {"id"=>"home"}
  Rendered pages/home.html.erb within layouts/application (0.7ms)
  Rendered shared/_flashes.html.erb (0.1ms)
  Rendered shared/_navbar.html.erb (4.2ms)
Completed 200 OK in 151ms (Views: 149.9ms | ActiveRecord: 0.0ms)


Started GET "/" for 127.0.0.1 at 2015-07-25 20:09:41 +0200
Processing by HighVoltage::PagesController#show as HTML
  Parameters: {"id"=>"home"}
  Rendered pages/home.html.erb within layouts/application (1.0ms)
  Rendered shared/_flashes.html.erb (0.4ms)
  Rendered shared/_navbar.html.erb (3.0ms)
Completed 200 OK in 216ms (Views: 215.5ms | ActiveRecord: 0.0ms)


Started GET "/" for 127.0.0.1 at 2015-07-25 20:09:47 +0200
Processing by HighVoltage::PagesController#show as HTML
  Parameters: {"id"=>"home"}
  Rendered pages/home.html.erb within layouts/application (0.7ms)
  Rendered shared/_flashes.html.erb (0.3ms)
  Rendered shared/_navbar.html.erb (5.6ms)
Completed 200 OK in 167ms (Views: 166.3ms | ActiveRecord: 0.0ms)


Started GET "/" for 127.0.0.1 at 2015-07-25 20:09:57 +0200
Processing by HighVoltage::PagesController#show as HTML
  Parameters: {"id"=>"home"}
  Rendered pages/home.html.erb within layouts/application (0.8ms)
  Rendered shared/_flashes.html.erb (0.1ms)
  Rendered shared/_navbar.html.erb (4.3ms)
Completed 200 OK in 150ms (Views: 150.1ms | ActiveRecord: 0.0ms)


Started GET "/" for 127.0.0.1 at 2015-07-25 20:10:01 +0200
Processing by HighVoltage::PagesController#show as HTML
  Parameters: {"id"=>"home"}
  Rendered pages/home.html.erb within layouts/application (0.5ms)
  Rendered shared/_flashes.html.erb (0.1ms)
  Rendered shared/_navbar.html.erb (4.0ms)
Completed 200 OK in 135ms (Views: 134.3ms | ActiveRecord: 0.0ms)


Started GET "/" for 127.0.0.1 at 2015-07-25 20:11:24 +0200
Processing by HighVoltage::PagesController#show as HTML
  Parameters: {"id"=>"home"}
  Rendered pages/home.html.erb within layouts/application (8.5ms)
  Rendered shared/_flashes.html.erb (0.7ms)
  Rendered shared/_navbar.html.erb (12.4ms)
Completed 200 OK in 291ms (Views: 287.4ms | ActiveRecord: 0.0ms)


Started GET "/" for 127.0.0.1 at 2015-07-25 20:11:40 +0200
Processing by HighVoltage::PagesController#show as HTML
  Parameters: {"id"=>"home"}
  Rendered pages/home.html.erb within layouts/application (0.6ms)
  Rendered shared/_flashes.html.erb (0.1ms)
  Rendered shared/_navbar.html.erb (4.4ms)
Completed 200 OK in 298ms (Views: 297.5ms | ActiveRecord: 0.0ms)


Started GET "/" for 127.0.0.1 at 2015-07-25 20:12:19 +0200
Processing by HighVoltage::PagesController#show as HTML
  Parameters: {"id"=>"home"}
  Rendered pages/home.html.erb within layouts/application (3.0ms)
  Rendered shared/_flashes.html.erb (0.1ms)
  Rendered shared/_navbar.html.erb (7.5ms)
Completed 200 OK in 263ms (Views: 262.9ms | ActiveRecord: 0.0ms)


Started GET "/" for 127.0.0.1 at 2015-07-25 20:15:10 +0200
Processing by HighVoltage::PagesController#show as HTML
  Parameters: {"id"=>"home"}
  Rendered pages/home.html.erb within layouts/application (1.7ms)
  Rendered shared/_flashes.html.erb (1.4ms)
  Rendered shared/_navbar.html.erb (2.9ms)
Completed 200 OK in 207ms (Views: 206.9ms | ActiveRecord: 0.0ms)


Started GET "/users/sign_up" for 127.0.0.1 at 2015-07-26 01:21:05 +0200
Processing by Devise::RegistrationsController#new as HTML
  Rendered devise/shared/_links.erb (0.9ms)
  Rendered devise/registrations/new.html.erb within layouts/application (231.9ms)
  Rendered shared/_flashes.html.erb (0.9ms)
  Rendered shared/_navbar.html.erb (7.6ms)
Completed 200 OK in 538ms (Views: 517.0ms | ActiveRecord: 0.0ms)


Started POST "/users" for 127.0.0.1 at 2015-07-26 01:21:14 +0200
Processing by Devise::RegistrationsController#create as HTML
  Parameters: {"utf8"=>"✓", "authenticity_token"=>"08WAQ4y3rN2jaXmDS2sd1U4Gk5AzbBKowfGQxZGDUb58phbR567KA54KtVDIbpa/rPGUApfi5bH9QWtEOauuSw==", "user"=>{"email"=>"jbmoutout@gmail.com", "password"=>"[FILTERED]"}, "commit"=>"Sign up"}
  [1m[35m (24.6ms)[0m  BEGIN
  [1m[36mUser Exists (75.0ms)[0m  [1mSELECT  1 AS one FROM "users" WHERE "users"."email" = 'jbmoutout@gmail.com' LIMIT 1[0m
  [1m[35m (12.7ms)[0m  ROLLBACK
  Rendered devise/shared/_links.erb (2.3ms)
  Rendered devise/registrations/new.html.erb within layouts/application (196.7ms)
  Rendered shared/_flashes.html.erb (0.1ms)
  Rendered shared/_navbar.html.erb (2.7ms)
Completed 200 OK in 714ms (Views: 402.5ms | ActiveRecord: 112.3ms)


Started POST "/users" for 127.0.0.1 at 2015-07-26 01:21:22 +0200
Processing by Devise::RegistrationsController#create as HTML
  Parameters: {"utf8"=>"✓", "authenticity_token"=>"ojxTNJbAPAr2RSZ3FA+kZuDabb/UOq24jmKInARb4GkNX8Wm/dla1Msm6qSXCi8MAi1qLXC0WqGy0nMdrHMfnA==", "user"=>{"email"=>"jbmoutout@gmail.com", "password"=>"[FILTERED]"}, "commit"=>"Sign up"}
  [1m[36m (0.1ms)[0m  [1mBEGIN[0m
  [1m[35mUser Exists (0.4ms)[0m  SELECT  1 AS one FROM "users" WHERE "users"."email" = 'jbmoutout@gmail.com' LIMIT 1
  [1m[36mSQL (35.3ms)[0m  [1mINSERT INTO "users" ("email", "encrypted_password", "created_at", "updated_at") VALUES ($1, $2, $3, $4) RETURNING "id"[0m  [["email", "jbmoutout@gmail.com"], ["encrypted_password", "$2a$10$lDff9QZNFm/ougjFSgRzUeY3mnW6hADq6smp7mVpnDWfDzUOXJQXW"], ["created_at", "2015-07-25 23:21:22.961983"], ["updated_at", "2015-07-25 23:21:22.961983"]]
  [1m[35m (24.4ms)[0m  COMMIT
  [1m[36m (0.2ms)[0m  [1mBEGIN[0m
  [1m[35mSQL (10.8ms)[0m  UPDATE "users" SET "last_sign_in_at" = $1, "current_sign_in_at" = $2, "last_sign_in_ip" = $3, "current_sign_in_ip" = $4, "sign_in_count" = $5, "updated_at" = $6 WHERE "users"."id" = $7  [["last_sign_in_at", "2015-07-25 23:21:23.105829"], ["current_sign_in_at", "2015-07-25 23:21:23.105829"], ["last_sign_in_ip", "127.0.0.1/32"], ["current_sign_in_ip", "127.0.0.1/32"], ["sign_in_count", 1], ["updated_at", "2015-07-25 23:21:23.110935"], ["id", 1]]
  [1m[36m (0.4ms)[0m  [1mCOMMIT[0m
Redirected to http://localhost:3000/
Completed 302 Found in 289ms (ActiveRecord: 106.1ms)


Started GET "/" for 127.0.0.1 at 2015-07-26 01:21:23 +0200
Processing by HighVoltage::PagesController#show as HTML
  Parameters: {"id"=>"home"}
  Rendered pages/home.html.erb within layouts/application (0.7ms)
  Rendered shared/_flashes.html.erb (0.2ms)
  [1m[35mUser Load (6.4ms)[0m  SELECT  "users".* FROM "users" WHERE "users"."id" = $1  ORDER BY "users"."id" ASC LIMIT 1  [["id", 1]]
  Rendered shared/_navbar.html.erb (24.8ms)
Completed 200 OK in 220ms (Views: 209.7ms | ActiveRecord: 6.4ms)

ActionController::RoutingError (No route matches [GET] "/assets/pic-f1d5661f4b720851e2bb4c935edbdeb8.ico"):
  actionpack (4.2.3) lib/action_dispatch/middleware/debug_exceptions.rb:21:in `call'
  actionpack (4.2.3) lib/action_dispatch/middleware/show_exceptions.rb:30:in `call'
  railties (4.2.3) lib/rails/rack/logger.rb:38:in `call_app'
  railties (4.2.3) lib/rails/rack/logger.rb:20:in `block in call'
  activesupport (4.2.3) lib/active_support/tagged_logging.rb:68:in `block in tagged'
  activesupport (4.2.3) lib/active_support/tagged_logging.rb:26:in `tagged'
  activesupport (4.2.3) lib/active_support/tagged_logging.rb:68:in `tagged'
  railties (4.2.3) lib/rails/rack/logger.rb:20:in `call'
  quiet_assets (1.1.0) lib/quiet_assets.rb:27:in `call_with_quiet_assets'
  actionpack (4.2.3) lib/action_dispatch/middleware/request_id.rb:21:in `call'
  rack (1.6.4) lib/rack/methodoverride.rb:22:in `call'
  rack (1.6.4) lib/rack/runtime.rb:18:in `call'
  activesupport (4.2.3) lib/active_support/cache/strategy/local_cache_middleware.rb:28:in `call'
  rack (1.6.4) lib/rack/lock.rb:17:in `call'
  actionpack (4.2.3) lib/action_dispatch/middleware/static.rb:116:in `call'
  rack (1.6.4) lib/rack/sendfile.rb:113:in `call'
  railties (4.2.3) lib/rails/engine.rb:518:in `call'
  railties (4.2.3) lib/rails/application.rb:165:in `call'
  rack (1.6.4) lib/rack/content_length.rb:15:in `call'
  puma (2.12.2) lib/puma/server.rb:539:in `handle_request'
  puma (2.12.2) lib/puma/server.rb:386:in `process_client'
  puma (2.12.2) lib/puma/server.rb:269:in `block in run'
  puma (2.12.2) lib/puma/thread_pool.rb:106:in `call'
  puma (2.12.2) lib/puma/thread_pool.rb:106:in `block in spawn_thread'




Started GET "/" for 127.0.0.1 at 2015-07-26 01:24:41 +0200
Processing by HighVoltage::PagesController#show as HTML
  Parameters: {"id"=>"home"}
  Rendered pages/home.html.erb within layouts/application (0.8ms)
  Rendered shared/_flashes.html.erb (0.2ms)
  [1m[36mUser Load (6.8ms)[0m  [1mSELECT  "users".* FROM "users" WHERE "users"."id" = $1  ORDER BY "users"."id" ASC LIMIT 1[0m  [["id", 1]]
  Rendered shared/_navbar.html.erb (15.9ms)
Completed 200 OK in 254ms (Views: 247.1ms | ActiveRecord: 6.8ms)


Started DELETE "/users/sign_out" for 127.0.0.1 at 2015-07-26 01:24:51 +0200
Processing by Devise::SessionsController#destroy as HTML
  Parameters: {"authenticity_token"=>"Cv07ADebbL5cGuQIMqhP2iZPIWZsOe5JEwgaI7X/dSalnq2SXIIKYGF5KNuxrcSwxLgm9Mi3GVAvuOGiHdeK0w=="}
  [1m[35mUser Load (0.4ms)[0m  SELECT  "users".* FROM "users" WHERE "users"."id" = $1  ORDER BY "users"."id" ASC LIMIT 1  [["id", 1]]
  [1m[36m (0.1ms)[0m  [1mBEGIN[0m
  [1m[35m (0.1ms)[0m  COMMIT
Redirected to http://localhost:3000/
Completed 302 Found in 13ms (ActiveRecord: 0.7ms)


Started GET "/" for 127.0.0.1 at 2015-07-26 01:24:51 +0200
Processing by HighVoltage::PagesController#show as HTML
  Parameters: {"id"=>"home"}
  Rendered pages/home.html.erb within layouts/application (0.4ms)
  Rendered shared/_flashes.html.erb (0.5ms)
  Rendered shared/_navbar.html.erb (10.4ms)
Completed 200 OK in 236ms (Views: 235.6ms | ActiveRecord: 0.0ms)


Started GET "/users/sign_in" for 127.0.0.1 at 2015-07-26 01:24:54 +0200
Processing by Devise::SessionsController#new as HTML
  Rendered devise/shared/_links.erb (0.5ms)
  Rendered devise/sessions/new.html.erb within layouts/application (138.7ms)
  Rendered shared/_flashes.html.erb (0.1ms)
  Rendered shared/_navbar.html.erb (1.9ms)
Completed 200 OK in 295ms (Views: 293.9ms | ActiveRecord: 0.0ms)


Started POST "/users/sign_in" for 127.0.0.1 at 2015-07-26 01:25:04 +0200
Processing by Devise::SessionsController#create as HTML
  Parameters: {"utf8"=>"✓", "authenticity_token"=>"WbrmwxvXsWJLBmgDByvC10SA4aPbUZAKc7CEup5+XYwtlmv7ZsxjjbTX0PtP6LqSM8GcGxoYJErC8QiZNCJ9+g==", "user"=>{"email"=>"jbmoutout@gmail.com", "password"=>"[FILTERED]", "remember_me"=>"0"}, "commit"=>"Sign in"}
  [1m[36mUser Load (46.5ms)[0m  [1mSELECT  "users".* FROM "users" WHERE "users"."email" = $1  ORDER BY "users"."id" ASC LIMIT 1[0m  [["email", "jbmoutout@gmail.com"]]
  [1m[35m (0.2ms)[0m  BEGIN
  [1m[36mSQL (0.5ms)[0m  [1mUPDATE "users" SET "current_sign_in_at" = $1, "sign_in_count" = $2, "updated_at" = $3 WHERE "users"."id" = $4[0m  [["current_sign_in_at", "2015-07-25 23:25:04.239747"], ["sign_in_count", 2], ["updated_at", "2015-07-25 23:25:04.244205"], ["id", 1]]
  [1m[35m (1.4ms)[0m  COMMIT
Redirected to http://localhost:3000/
Completed 302 Found in 171ms (ActiveRecord: 48.6ms)


Started GET "/" for 127.0.0.1 at 2015-07-26 01:25:04 +0200
Processing by HighVoltage::PagesController#show as HTML
  Parameters: {"id"=>"home"}
  Rendered pages/home.html.erb within layouts/application (0.3ms)
  Rendered shared/_flashes.html.erb (0.1ms)
  [1m[36mUser Load (3.4ms)[0m  [1mSELECT  "users".* FROM "users" WHERE "users"."id" = $1  ORDER BY "users"."id" ASC LIMIT 1[0m  [["id", 1]]
  Rendered shared/_navbar.html.erb (9.9ms)
Completed 200 OK in 189ms (Views: 184.8ms | ActiveRecord: 3.4ms)


Started GET "/" for 127.0.0.1 at 2015-07-27 01:05:56 +0200
Processing by HighVoltage::PagesController#show as HTML
  Parameters: {"id"=>"home"}
  Rendered pages/home.html.erb within layouts/application (1.9ms)
  Rendered shared/_flashes.html.erb (0.7ms)
  [1m[35mUser Load (11.9ms)[0m  SELECT  "users".* FROM "users" WHERE "users"."id" = $1  ORDER BY "users"."id" ASC LIMIT 1  [["id", 1]]
  Rendered shared/_navbar.html.erb (78.4ms)
Completed 200 OK in 624ms (Views: 586.5ms | ActiveRecord: 11.9ms)


Started DELETE "/users/sign_out" for 127.0.0.1 at 2015-07-27 01:06:02 +0200
Processing by Devise::SessionsController#destroy as HTML
  Parameters: {"authenticity_token"=>"xXgp1YOZnbM7DxsJUx0alcLiS7N+gG6m07r2D9CzroYy+WCU/5+FJegSFrF1p9U3/YgVO5ORvwYi7V6FOrJyRA=="}
  [1m[36mUser Load (17.3ms)[0m  [1mSELECT  "users".* FROM "users" WHERE "users"."id" = $1  ORDER BY "users"."id" ASC LIMIT 1[0m  [["id", 1]]
  [1m[35m (0.1ms)[0m  BEGIN
  [1m[36m (0.2ms)[0m  [1mCOMMIT[0m
Redirected to http://localhost:3000/
Completed 302 Found in 31ms (ActiveRecord: 17.6ms)


Started GET "/" for 127.0.0.1 at 2015-07-27 01:06:02 +0200
Processing by HighVoltage::PagesController#show as HTML
  Parameters: {"id"=>"home"}
  Rendered pages/home.html.erb within layouts/application (0.2ms)
  Rendered shared/_flashes.html.erb (0.1ms)
  Rendered shared/_navbar.html.erb (3.3ms)
Completed 200 OK in 217ms (Views: 216.2ms | ActiveRecord: 0.0ms)


Started GET "/" for 127.0.0.1 at 2015-07-27 01:07:24 +0200
Processing by HighVoltage::PagesController#show as HTML
  Parameters: {"id"=>"home"}
  Rendered pages/home.html.erb within layouts/application (0.2ms)
  Rendered shared/_flashes.html.erb (0.1ms)
  Rendered shared/_navbar.html.erb (2.1ms)
Completed 200 OK in 4140ms (Views: 4139.2ms | ActiveRecord: 0.0ms)


Started GET "/" for 127.0.0.1 at 2015-07-27 01:08:35 +0200
Processing by HighVoltage::PagesController#show as HTML
  Parameters: {"id"=>"home"}
  Rendered pages/home.html.erb within layouts/application (1.1ms)
  Rendered shared/_flashes.html.erb (0.1ms)
  Rendered shared/_navbar.html.erb (2.3ms)
Completed 200 OK in 3824ms (Views: 3821.1ms | ActiveRecord: 0.0ms)


Started GET "/" for 127.0.0.1 at 2015-07-27 01:09:26 +0200
Processing by HighVoltage::PagesController#show as HTML
  Parameters: {"id"=>"home"}
  Rendered pages/home.html.erb within layouts/application (0.1ms)
  Rendered shared/_flashes.html.erb (0.1ms)
  Rendered shared/_navbar.html.erb (2.6ms)
Completed 200 OK in 3408ms (Views: 3407.8ms | ActiveRecord: 0.0ms)


Started GET "/" for 127.0.0.1 at 2015-07-27 01:09:32 +0200
Processing by HighVoltage::PagesController#show as HTML
  Parameters: {"id"=>"home"}
  Rendered pages/home.html.erb within layouts/application (0.1ms)
  Rendered shared/_flashes.html.erb (0.1ms)
  Rendered shared/_navbar.html.erb (3.7ms)
Completed 200 OK in 109ms (Views: 108.1ms | ActiveRecord: 0.0ms)


Started GET "/" for 127.0.0.1 at 2015-07-27 01:11:57 +0200
Processing by HighVoltage::PagesController#show as HTML
  Parameters: {"id"=>"home"}
  Rendered pages/home.html.erb within layouts/application (2.5ms)
  Rendered shared/_flashes.html.erb (0.1ms)
  Rendered shared/_navbar.html.erb (4.8ms)
Completed 200 OK in 3583ms (Views: 3580.3ms | ActiveRecord: 0.0ms)


Started GET "/" for 127.0.0.1 at 2015-07-27 01:13:17 +0200
Processing by HighVoltage::PagesController#show as HTML
  Parameters: {"id"=>"home"}
  Rendered pages/home.html.erb within layouts/application (0.1ms)
  Rendered shared/_flashes.html.erb (0.1ms)
  Rendered shared/_navbar.html.erb (2.7ms)
Completed 200 OK in 3276ms (Views: 3276.1ms | ActiveRecord: 0.0ms)


Started GET "/" for 127.0.0.1 at 2015-07-27 01:13:42 +0200
Processing by HighVoltage::PagesController#show as HTML
  Parameters: {"id"=>"home"}
  Rendered pages/home.html.erb within layouts/application (0.1ms)
  Rendered shared/_flashes.html.erb (0.1ms)
  Rendered shared/_navbar.html.erb (2.2ms)
Completed 200 OK in 3148ms (Views: 3147.6ms | ActiveRecord: 0.0ms)


Started GET "/" for 127.0.0.1 at 2015-07-27 01:14:39 +0200
Processing by HighVoltage::PagesController#show as HTML
  Parameters: {"id"=>"home"}
  Rendered pages/home.html.erb within layouts/application (0.1ms)
  Rendered shared/_flashes.html.erb (0.1ms)
  Rendered shared/_navbar.html.erb (4.5ms)
Completed 200 OK in 3204ms (Views: 3203.8ms | ActiveRecord: 0.0ms)


Started GET "/" for 127.0.0.1 at 2015-07-27 01:14:45 +0200
Processing by HighVoltage::PagesController#show as HTML
  Parameters: {"id"=>"home"}
  Rendered pages/home.html.erb within layouts/application (0.1ms)
  Rendered shared/_flashes.html.erb (0.1ms)
  Rendered shared/_navbar.html.erb (1.6ms)
Completed 200 OK in 81ms (Views: 80.6ms | ActiveRecord: 0.0ms)


Started GET "/" for 127.0.0.1 at 2015-07-27 01:14:55 +0200
Processing by HighVoltage::PagesController#show as HTML
  Parameters: {"id"=>"home"}
  Rendered pages/home.html.erb within layouts/application (0.1ms)
  Rendered shared/_flashes.html.erb (0.1ms)
  Rendered shared/_navbar.html.erb (4.5ms)
Completed 200 OK in 127ms (Views: 126.6ms | ActiveRecord: 0.0ms)


Started GET "/" for 127.0.0.1 at 2015-07-27 01:17:34 +0200
Processing by HighVoltage::PagesController#show as HTML
  Parameters: {"id"=>"home"}
  Rendered pages/home.html.erb within layouts/application (0.7ms)
  Rendered shared/_flashes.html.erb (0.1ms)
  Rendered shared/_navbar.html.erb (4.0ms)
Completed 200 OK in 3478ms (Views: 3476.5ms | ActiveRecord: 0.0ms)


Started GET "/" for 127.0.0.1 at 2015-07-27 01:18:18 +0200
Processing by HighVoltage::PagesController#show as HTML
  Parameters: {"id"=>"home"}
  Rendered pages/home.html.erb within layouts/application (0.1ms)
  Rendered shared/_flashes.html.erb (0.1ms)
  Rendered shared/_navbar.html.erb (3.5ms)
Completed 200 OK in 92ms (Views: 92.0ms | ActiveRecord: 0.0ms)


Started GET "/" for 127.0.0.1 at 2015-07-27 01:18:52 +0200
Processing by HighVoltage::PagesController#show as HTML
  Parameters: {"id"=>"home"}
  Rendered pages/home.html.erb within layouts/application (0.1ms)
  Rendered shared/_flashes.html.erb (0.1ms)
  Rendered shared/_navbar.html.erb (3.8ms)
Completed 200 OK in 97ms (Views: 97.2ms | ActiveRecord: 0.0ms)


Started GET "/" for 127.0.0.1 at 2015-07-27 01:19:32 +0200
Processing by HighVoltage::PagesController#show as HTML
  Parameters: {"id"=>"home"}
  Rendered pages/home.html.erb within layouts/application (0.1ms)
  Rendered shared/_flashes.html.erb (0.1ms)
  Rendered shared/_navbar.html.erb (3.4ms)
Completed 200 OK in 117ms (Views: 116.1ms | ActiveRecord: 0.0ms)


Started GET "/" for 127.0.0.1 at 2015-07-27 01:20:39 +0200
Processing by HighVoltage::PagesController#show as HTML
  Parameters: {"id"=>"home"}
  Rendered pages/home.html.erb within layouts/application (1.9ms)
  Rendered shared/_flashes.html.erb (0.1ms)
  Rendered shared/_navbar.html.erb (2.3ms)
Completed 200 OK in 3957ms (Views: 3954.1ms | ActiveRecord: 0.0ms)


Started GET "/" for 127.0.0.1 at 2015-07-27 01:21:03 +0200
Processing by HighVoltage::PagesController#show as HTML
  Parameters: {"id"=>"home"}
  Rendered pages/home.html.erb within layouts/application (0.2ms)
  Rendered shared/_flashes.html.erb (0.1ms)
  Rendered shared/_navbar.html.erb (2.0ms)
Completed 200 OK in 303ms (Views: 302.7ms | ActiveRecord: 0.0ms)


Started GET "/" for 127.0.0.1 at 2015-07-27 01:21:13 +0200
Processing by HighVoltage::PagesController#show as HTML
  Parameters: {"id"=>"home"}
  Rendered pages/home.html.erb within layouts/application (0.3ms)
  Rendered shared/_flashes.html.erb (0.1ms)
  Rendered shared/_navbar.html.erb (1.8ms)
Completed 200 OK in 100ms (Views: 99.2ms | ActiveRecord: 0.0ms)


Started GET "/" for 127.0.0.1 at 2015-07-27 01:25:48 +0200
Processing by HighVoltage::PagesController#show as HTML
  Parameters: {"id"=>"home"}
  Rendered pages/home.html.erb within layouts/application (1.9ms)
  Rendered shared/_flashes.html.erb (0.5ms)
  Rendered shared/_navbar.html.erb (18.9ms)
Completed 200 OK in 256ms (Views: 253.8ms | ActiveRecord: 0.0ms)


Started GET "/users/sign_up" for 127.0.0.1 at 2015-07-27 22:19:58 +0200
Processing by Devise::RegistrationsController#new as HTML
  Rendered devise/shared/_links.erb (1.1ms)
  Rendered devise/registrations/new.html.erb within layouts/application (391.9ms)
  Rendered shared/_flashes.html.erb (0.4ms)
  Rendered shared/_navbar.html.erb (4.7ms)
Completed 200 OK in 735ms (Views: 614.9ms | ActiveRecord: 0.0ms)


Started GET "/users/sign_in" for 127.0.0.1 at 2015-07-27 22:20:03 +0200
Processing by Devise::SessionsController#new as HTML
  Rendered devise/shared/_links.erb (0.8ms)
  Rendered devise/sessions/new.html.erb within layouts/application (351.1ms)
  Rendered shared/_flashes.html.erb (0.1ms)
  Rendered shared/_navbar.html.erb (2.1ms)
Completed 200 OK in 536ms (Views: 531.0ms | ActiveRecord: 0.0ms)


Started GET "/" for 127.0.0.1 at 2015-07-27 22:20:08 +0200
Processing by HighVoltage::PagesController#show as HTML
  Parameters: {"id"=>"home"}
  Rendered pages/home.html.erb within layouts/application (0.1ms)
  Rendered shared/_flashes.html.erb (0.1ms)
  Rendered shared/_navbar.html.erb (5.3ms)
Completed 200 OK in 131ms (Views: 130.2ms | ActiveRecord: 0.0ms)
